app/build/outputs/logs/manifest-merger-debug-report.txt
-- Merging decision tree log ---
manifest
ADDED from src/main/AndroidManifest.xml:2:1-52:12
	package
		ADDED from src/main/AndroidManifest.xml:3:5-47
		INJECTED from src/main/AndroidManifest.xml
		INJECTED from src/main/AndroidManifest.xml
	android:versionName
		ADDED from src/main/AndroidManifest.xml:5:5-30
	android:versionCode
		ADDED from src/main/AndroidManifest.xml:4:5-28
		INJECTED from src/main/AndroidManifest.xml
		INJECTED from src/main/AndroidManifest.xml
	xmlns:android
		ADDED from src/main/AndroidManifest.xml:2:11-69
uses-sdk
ADDED from src/main/AndroidManifest.xml:7:5-9:41
MERGED from [com.android.support:recyclerview-v7:22.1.0] AndroidManifest.xml:20:5-43
MERGED from [com.android.support:support-v4:22.1.0] AndroidManifest.xml:20:5-43
MERGED from [com.android.support:cardview-v7:22.1.0] AndroidManifest.xml:20:5-43
MERGED from [com.google.android.gms:play-services:6.1.71] AndroidManifest.xml:15:5-42
MERGED from [com.android.support:support-v4:22.1.0] AndroidManifest.xml:20:5-43
	android:targetSdkVersion
		ADDED from src/main/AndroidManifest.xml:9:9-38
		INJECTED from src/main/AndroidManifest.xml
		INJECTED from src/main/AndroidManifest.xml
	android:minSdkVersion
		ADDED from src/main/AndroidManifest.xml:8:9-35
application
ADDED from src/main/AndroidManifest.xml:11:5-47:19
MERGED from [com.android.support:recyclerview-v7:22.1.0] AndroidManifest.xml:22:5-26:19
MERGED from [com.android.support:support-v4:22.1.0] AndroidManifest.xml:22:5-20
MERGED from [com.android.support:cardview-v7:22.1.0] AndroidManifest.xml:22:5-20
MERGED from [com.google.android.gms:play-services:6.1.71] AndroidManifest.xml:16:5-19
MERGED from [com.android.support:support-v4:22.1.0] AndroidManifest.xml:22:5-20
	android:label
		ADDED from src/main/AndroidManifest.xml:14:9-41
	android:allowBackup
		ADDED from src/main/AndroidManifest.xml:12:9-35
	android:icon
		ADDED from src/main/AndroidManifest.xml:13:9-46
	android:theme
		ADDED from src/main/AndroidManifest.xml:15:9-40
activity#learn2crack.customlistview.MainActivity
ADDED from src/main/AndroidManifest.xml:16:9-24:20
	android:label
		ADDED from src/main/AndroidManifest.xml:18:13-45
	android:name
		ADDED from src/main/AndroidManifest.xml:17:13-67
intent-filter#android.intent.action.MAIN+android.intent.category.LAUNCHER
ADDED from src/main/AndroidManifest.xml:19:13-23:29
action#android.intent.action.MAIN
ADDED from src/main/AndroidManifest.xml:20:17-69
	android:name
		ADDED from src/main/AndroidManifest.xml:20:25-66
category#android.intent.category.LAUNCHER
ADDED from src/main/AndroidManifest.xml:22:17-77
	android:name
		ADDED from src/main/AndroidManifest.xml:22:27-74
activity#com.inmobi.rendering.InMobiAdActivity
ADDED from src/main/AndroidManifest.xml:25:9-26:110
	android:hardwareAccelerated
		ADDED from src/main/AndroidManifest.xml:26:73-107
	android:configChanges
		ADDED from src/main/AndroidManifest.xml:25:72-161
	android:theme
		ADDED from src/main/AndroidManifest.xml:26:13-72
	android:name
		ADDED from src/main/AndroidManifest.xml:25:19-71
activity#com.inmobi.ads.StrandPageActivity
ADDED from src/main/AndroidManifest.xml:28:9-34:20
	android:parentActivityName
		ADDED from src/main/AndroidManifest.xml:29:13-81
	android:name
		ADDED from src/main/AndroidManifest.xml:28:19-67
meta-data#android.support.PARENT_ACTIVITY
ADDED from src/main/AndroidManifest.xml:31:13-33:75
	android:value
		ADDED from src/main/AndroidManifest.xml:33:17-72
	android:name
		ADDED from src/main/AndroidManifest.xml:32:17-63
activity#learn2crack.customlistview.Feedback
ADDED from src/main/AndroidManifest.xml:35:9-38:20
	android:label
		ADDED from src/main/AndroidManifest.xml:37:13-45
	android:name
		ADDED from src/main/AndroidManifest.xml:36:13-63
activity#learn2crack.customlistview.MyGalaxyFragment
ADDED from src/main/AndroidManifest.xml:39:9-42:20
	android:label
		ADDED from src/main/AndroidManifest.xml:41:13-45
	android:name
		ADDED from src/main/AndroidManifest.xml:40:13-71
meta-data#com.google.android.gms.version
ADDED from src/main/AndroidManifest.xml:45:9-46:69
	android:value
		ADDED from src/main/AndroidManifest.xml:46:13-66
	android:name
		ADDED from src/main/AndroidManifest.xml:45:20-65
uses-permission#android.permission.INTERNET
ADDED from src/main/AndroidManifest.xml:49:5-67
	android:name
		ADDED from src/main/AndroidManifest.xml:49:22-64
uses-permission#android.permission.ACCESS_NETWORK_STATE
ADDED from src/main/AndroidManifest.xml:50:5-79
	android:name
		ADDED from src/main/AndroidManifest.xml:50:22-76
activity#android.support.v7.widget.TestActivity
ADDED from [com.android.support:recyclerview-v7:22.1.0] AndroidManifest.xml:23:9-25:56
	android:label
		ADDED from [com.android.support:recyclerview-v7:22.1.0] AndroidManifest.xml:25:13-53
	android:name
		ADDED from [com.android.support:recyclerview-v7:22.1.0] AndroidManifest.xml:24:13-66